[2023-12-18 02:52:29] laravel.EMERGENCY: Unable to create configured logger. Using emergency logger. {"exception":"[object] (Error(code: 0): Class \"Illuminate\\Support\\Collection\" not found at E:\\ZLL\\erneta\\uangku-laravel\\vendor\\laravel\\framework\\src\\Illuminate\\Support\\helpers.php:109)
[stacktrace]
#0 E:\\ZLL\\erneta\\uangku-laravel\\vendor\\laravel\\framework\\src\\Illuminate\\Log\\LogManager.php(240): collect(Array)
#1 E:\\ZLL\\erneta\\uangku-laravel\\vendor\\laravel\\framework\\src\\Illuminate\\Log\\LogManager.php(202): Illuminate\\Log\\LogManager->createStackDriver(Array)
#2 E:\\ZLL\\erneta\\uangku-laravel\\vendor\\laravel\\framework\\src\\Illuminate\\Log\\LogManager.php(118): Illuminate\\Log\\LogManager->resolve('stack')
#3 E:\\ZLL\\erneta\\uangku-laravel\\vendor\\laravel\\framework\\src\\Illuminate\\Log\\LogManager.php(98): Illuminate\\Log\\LogManager->get('stack')
#4 E:\\ZLL\\erneta\\uangku-laravel\\vendor\\laravel\\framework\\src\\Illuminate\\Log\\LogManager.php(543): Illuminate\\Log\\LogManager->driver()
#5 E:\\ZLL\\erneta\\uangku-laravel\\vendor\\laravel\\framework\\src\\Illuminate\\Foundation\\Exceptions\\Handler.php(119): Illuminate\\Log\\LogManager->error('During inherita...', Array)
#6 E:\\ZLL\\erneta\\uangku-laravel\\app\\Exceptions\\Handler.php(37): Illuminate\\Foundation\\Exceptions\\Handler->report(Object(Symfony\\Component\\Debug\\Exception\\FatalErrorException))
#7 E:\\ZLL\\erneta\\uangku-laravel\\vendor\\laravel\\framework\\src\\Illuminate\\Foundation\\Bootstrap\\HandleExceptions.php(92): App\\Exceptions\\Handler->report(Object(Symfony\\Component\\Debug\\Exception\\FatalErrorException))
#8 E:\\ZLL\\erneta\\uangku-laravel\\vendor\\laravel\\framework\\src\\Illuminate\\Foundation\\Bootstrap\\HandleExceptions.php(134): Illuminate\\Foundation\\Bootstrap\\HandleExceptions->handleException(Object(Symfony\\Component\\Debug\\Exception\\FatalErrorException))
#9 [internal function]: Illuminate\\Foundation\\Bootstrap\\HandleExceptions->handleShutdown()
#10 {main}
"} 
[2023-12-18 02:52:29] laravel.ERROR: During inheritance of ArrayAccess: Uncaught ErrorException: Return type of Illuminate\Support\Collection::offsetExists($key) should either be compatible with ArrayAccess::offsetExists(mixed $offset): bool, or the #[\ReturnTypeWillChange] attribute should be used to temporarily suppress the notice in E:\ZLL\erneta\uangku-laravel\vendor\laravel\framework\src\Illuminate\Support\Collection.php:1277
Stack trace:
#0 E:\ZLL\erneta\uangku-laravel\vendor\laravel\framework\src\Illuminate\Support\Collection.php(11): Illuminate\Foundation\Bootstrap\HandleExceptions->handleError(8192, 'Return type of ...', 'E:\\ZLL\\erneta\\u...', 1277)
#1 E:\ZLL\erneta\uangku-laravel\vendor\composer\ClassLoader.php(576): include('E:\\ZLL\\erneta\\u...')
#2 E:\ZLL\erneta\uangku-laravel\vendor\composer\ClassLoader.php(427): Composer\Autoload\{closure}('E:\\ZLL\\erneta\\u...')
#3 E:\ZLL\erneta\uangku-laravel\vendor\laravel\framework\src\Illuminate\Support\helpers.php(109): Composer\Autoload\ClassLoader->loadClass('Illuminate\\Supp...')
#4 E:\ZLL\erneta\uangku-laravel\vendor\laravel\framework\src\Illuminate\Foundation\PackageManifest.php(89): collect(Array)
#5 E:\ZLL\erneta\uangku-laravel\vendor\laravel\framework\src\Illuminate\Foundation\PackageManifest.php(78): Illuminate\Foundation\PackageManifest->config('aliases')
#6 E:\ZLL\erneta\uangku-laravel\vendor\laravel\framework\src\Illuminate\Foundation\Bootstrap\RegisterFacades.php(26): Illuminate\Foundation\PackageManifest->aliases()
#7 E:\ZLL\erneta\uangku-laravel\vendor\laravel\framework\src\Illuminate\Foundation\Application.php(219): Illuminate\Foundation\Bootstrap\RegisterFacades->bootstrap(Object(Illuminate\Foundation\Application))
#8 E:\ZLL\erneta\uangku-laravel\vendor\laravel\framework\src\Illuminate\Foundation\Console\Kernel.php(320): Illuminate\Foundation\Application->bootstrapWith(Array)
#9 E:\ZLL\erneta\uangku-laravel\vendor\laravel\framework\src\Illuminate\Foundation\Console\Kernel.php(129): Illuminate\Foundation\Console\Kernel->bootstrap()
#10 E:\ZLL\erneta\uangku-laravel\artisan(35): Illuminate\Foundation\Console\Kernel->handle(Object(Symfony\Component\Console\Input\ArgvInput), Object(Symfony\Component\Console\Output\ConsoleOutput))
#11 {main} {"exception":"[object] (Symfony\\Component\\Debug\\Exception\\FatalErrorException(code: 1): During inheritance of ArrayAccess: Uncaught ErrorException: Return type of Illuminate\\Support\\Collection::offsetExists($key) should either be compatible with ArrayAccess::offsetExists(mixed $offset): bool, or the #[\\ReturnTypeWillChange] attribute should be used to temporarily suppress the notice in E:\\ZLL\\erneta\\uangku-laravel\\vendor\\laravel\\framework\\src\\Illuminate\\Support\\Collection.php:1277
Stack trace:
#0 E:\\ZLL\\erneta\\uangku-laravel\\vendor\\laravel\\framework\\src\\Illuminate\\Support\\Collection.php(11): Illuminate\\Foundation\\Bootstrap\\HandleExceptions->handleError(8192, 'Return type of ...', 'E:\\\\ZLL\\\\erneta\\\\u...', 1277)
#1 E:\\ZLL\\erneta\\uangku-laravel\\vendor\\composer\\ClassLoader.php(576): include('E:\\\\ZLL\\\\erneta\\\\u...')
#2 E:\\ZLL\\erneta\\uangku-laravel\\vendor\\composer\\ClassLoader.php(427): Composer\\Autoload\\{closure}('E:\\\\ZLL\\\\erneta\\\\u...')
#3 E:\\ZLL\\erneta\\uangku-laravel\\vendor\\laravel\\framework\\src\\Illuminate\\Support\\helpers.php(109): Composer\\Autoload\\ClassLoader->loadClass('Illuminate\\\\Supp...')
#4 E:\\ZLL\\erneta\\uangku-laravel\\vendor\\laravel\\framework\\src\\Illuminate\\Foundation\\PackageManifest.php(89): collect(Array)
#5 E:\\ZLL\\erneta\\uangku-laravel\\vendor\\laravel\\framework\\src\\Illuminate\\Foundation\\PackageManifest.php(78): Illuminate\\Foundation\\PackageManifest->config('aliases')
#6 E:\\ZLL\\erneta\\uangku-laravel\\vendor\\laravel\\framework\\src\\Illuminate\\Foundation\\Bootstrap\\RegisterFacades.php(26): Illuminate\\Foundation\\PackageManifest->aliases()
#7 E:\\ZLL\\erneta\\uangku-laravel\\vendor\\laravel\\framework\\src\\Illuminate\\Foundation\\Application.php(219): Illuminate\\Foundation\\Bootstrap\\RegisterFacades->bootstrap(Object(Illuminate\\Foundation\\Application))
#8 E:\\ZLL\\erneta\\uangku-laravel\\vendor\\laravel\\framework\\src\\Illuminate\\Foundation\\Console\\Kernel.php(320): Illuminate\\Foundation\\Application->bootstrapWith(Array)
#9 E:\\ZLL\\erneta\\uangku-laravel\\vendor\\laravel\\framework\\src\\Illuminate\\Foundation\\Console\\Kernel.php(129): Illuminate\\Foundation\\Console\\Kernel->bootstrap()
#10 E:\\ZLL\\erneta\\uangku-laravel\\artisan(35): Illuminate\\Foundation\\Console\\Kernel->handle(Object(Symfony\\Component\\Console\\Input\\ArgvInput), Object(Symfony\\Component\\Console\\Output\\ConsoleOutput))
#11 {main} at E:\\ZLL\\erneta\\uangku-laravel\\vendor\\laravel\\framework\\src\\Illuminate\\Support\\Collection.php:11)
[stacktrace]
#0 {main}
"} 
[2023-12-18 02:52:42] laravel.EMERGENCY: Unable to create configured logger. Using emergency logger. {"exception":"[object] (Error(code: 0): Class \"Illuminate\\Support\\Collection\" not found at E:\\ZLL\\erneta\\uangku-laravel\\vendor\\laravel\\framework\\src\\Illuminate\\Support\\helpers.php:109)
[stacktrace]
#0 E:\\ZLL\\erneta\\uangku-laravel\\vendor\\laravel\\framework\\src\\Illuminate\\Log\\LogManager.php(240): collect(Array)
#1 E:\\ZLL\\erneta\\uangku-laravel\\vendor\\laravel\\framework\\src\\Illuminate\\Log\\LogManager.php(202): Illuminate\\Log\\LogManager->createStackDriver(Array)
#2 E:\\ZLL\\erneta\\uangku-laravel\\vendor\\laravel\\framework\\src\\Illuminate\\Log\\LogManager.php(118): Illuminate\\Log\\LogManager->resolve('stack')
#3 E:\\ZLL\\erneta\\uangku-laravel\\vendor\\laravel\\framework\\src\\Illuminate\\Log\\LogManager.php(98): Illuminate\\Log\\LogManager->get('stack')
#4 E:\\ZLL\\erneta\\uangku-laravel\\vendor\\laravel\\framework\\src\\Illuminate\\Log\\LogManager.php(543): Illuminate\\Log\\LogManager->driver()
#5 E:\\ZLL\\erneta\\uangku-laravel\\vendor\\laravel\\framework\\src\\Illuminate\\Foundation\\Exceptions\\Handler.php(119): Illuminate\\Log\\LogManager->error('During inherita...', Array)
#6 E:\\ZLL\\erneta\\uangku-laravel\\app\\Exceptions\\Handler.php(37): Illuminate\\Foundation\\Exceptions\\Handler->report(Object(Symfony\\Component\\Debug\\Exception\\FatalErrorException))
#7 E:\\ZLL\\erneta\\uangku-laravel\\vendor\\laravel\\framework\\src\\Illuminate\\Foundation\\Bootstrap\\HandleExceptions.php(92): App\\Exceptions\\Handler->report(Object(Symfony\\Component\\Debug\\Exception\\FatalErrorException))
#8 E:\\ZLL\\erneta\\uangku-laravel\\vendor\\laravel\\framework\\src\\Illuminate\\Foundation\\Bootstrap\\HandleExceptions.php(134): Illuminate\\Foundation\\Bootstrap\\HandleExceptions->handleException(Object(Symfony\\Component\\Debug\\Exception\\FatalErrorException))
#9 [internal function]: Illuminate\\Foundation\\Bootstrap\\HandleExceptions->handleShutdown()
#10 {main}
"} 
[2023-12-18 02:52:42] laravel.ERROR: During inheritance of ArrayAccess: Uncaught ErrorException: Return type of Illuminate\Support\Collection::offsetExists($key) should either be compatible with ArrayAccess::offsetExists(mixed $offset): bool, or the #[\ReturnTypeWillChange] attribute should be used to temporarily suppress the notice in E:\ZLL\erneta\uangku-laravel\vendor\laravel\framework\src\Illuminate\Support\Collection.php:1277
Stack trace:
#0 E:\ZLL\erneta\uangku-laravel\vendor\laravel\framework\src\Illuminate\Support\Collection.php(11): Illuminate\Foundation\Bootstrap\HandleExceptions->handleError(8192, 'Return type of ...', 'E:\\ZLL\\erneta\\u...', 1277)
#1 E:\ZLL\erneta\uangku-laravel\vendor\composer\ClassLoader.php(576): include('E:\\ZLL\\erneta\\u...')
#2 E:\ZLL\erneta\uangku-laravel\vendor\composer\ClassLoader.php(427): Composer\Autoload\{closure}('E:\\ZLL\\erneta\\u...')
#3 E:\ZLL\erneta\uangku-laravel\vendor\laravel\framework\src\Illuminate\Support\helpers.php(109): Composer\Autoload\ClassLoader->loadClass('Illuminate\\Supp...')
#4 E:\ZLL\erneta\uangku-laravel\vendor\laravel\framework\src\Illuminate\Foundation\PackageManifest.php(89): collect(Array)
#5 E:\ZLL\erneta\uangku-laravel\vendor\laravel\framework\src\Illuminate\Foundation\PackageManifest.php(78): Illuminate\Foundation\PackageManifest->config('aliases')
#6 E:\ZLL\erneta\uangku-laravel\vendor\laravel\framework\src\Illuminate\Foundation\Bootstrap\RegisterFacades.php(26): Illuminate\Foundation\PackageManifest->aliases()
#7 E:\ZLL\erneta\uangku-laravel\vendor\laravel\framework\src\Illuminate\Foundation\Application.php(219): Illuminate\Foundation\Bootstrap\RegisterFacades->bootstrap(Object(Illuminate\Foundation\Application))
#8 E:\ZLL\erneta\uangku-laravel\vendor\laravel\framework\src\Illuminate\Foundation\Console\Kernel.php(320): Illuminate\Foundation\Application->bootstrapWith(Array)
#9 E:\ZLL\erneta\uangku-laravel\vendor\laravel\framework\src\Illuminate\Foundation\Console\Kernel.php(129): Illuminate\Foundation\Console\Kernel->bootstrap()
#10 E:\ZLL\erneta\uangku-laravel\artisan(35): Illuminate\Foundation\Console\Kernel->handle(Object(Symfony\Component\Console\Input\ArgvInput), Object(Symfony\Component\Console\Output\ConsoleOutput))
#11 {main} {"exception":"[object] (Symfony\\Component\\Debug\\Exception\\FatalErrorException(code: 1): During inheritance of ArrayAccess: Uncaught ErrorException: Return type of Illuminate\\Support\\Collection::offsetExists($key) should either be compatible with ArrayAccess::offsetExists(mixed $offset): bool, or the #[\\ReturnTypeWillChange] attribute should be used to temporarily suppress the notice in E:\\ZLL\\erneta\\uangku-laravel\\vendor\\laravel\\framework\\src\\Illuminate\\Support\\Collection.php:1277
Stack trace:
#0 E:\\ZLL\\erneta\\uangku-laravel\\vendor\\laravel\\framework\\src\\Illuminate\\Support\\Collection.php(11): Illuminate\\Foundation\\Bootstrap\\HandleExceptions->handleError(8192, 'Return type of ...', 'E:\\\\ZLL\\\\erneta\\\\u...', 1277)
#1 E:\\ZLL\\erneta\\uangku-laravel\\vendor\\composer\\ClassLoader.php(576): include('E:\\\\ZLL\\\\erneta\\\\u...')
#2 E:\\ZLL\\erneta\\uangku-laravel\\vendor\\composer\\ClassLoader.php(427): Composer\\Autoload\\{closure}('E:\\\\ZLL\\\\erneta\\\\u...')
#3 E:\\ZLL\\erneta\\uangku-laravel\\vendor\\laravel\\framework\\src\\Illuminate\\Support\\helpers.php(109): Composer\\Autoload\\ClassLoader->loadClass('Illuminate\\\\Supp...')
#4 E:\\ZLL\\erneta\\uangku-laravel\\vendor\\laravel\\framework\\src\\Illuminate\\Foundation\\PackageManifest.php(89): collect(Array)
#5 E:\\ZLL\\erneta\\uangku-laravel\\vendor\\laravel\\framework\\src\\Illuminate\\Foundation\\PackageManifest.php(78): Illuminate\\Foundation\\PackageManifest->config('aliases')
#6 E:\\ZLL\\erneta\\uangku-laravel\\vendor\\laravel\\framework\\src\\Illuminate\\Foundation\\Bootstrap\\RegisterFacades.php(26): Illuminate\\Foundation\\PackageManifest->aliases()
#7 E:\\ZLL\\erneta\\uangku-laravel\\vendor\\laravel\\framework\\src\\Illuminate\\Foundation\\Application.php(219): Illuminate\\Foundation\\Bootstrap\\RegisterFacades->bootstrap(Object(Illuminate\\Foundation\\Application))
#8 E:\\ZLL\\erneta\\uangku-laravel\\vendor\\laravel\\framework\\src\\Illuminate\\Foundation\\Console\\Kernel.php(320): Illuminate\\Foundation\\Application->bootstrapWith(Array)
#9 E:\\ZLL\\erneta\\uangku-laravel\\vendor\\laravel\\framework\\src\\Illuminate\\Foundation\\Console\\Kernel.php(129): Illuminate\\Foundation\\Console\\Kernel->bootstrap()
#10 E:\\ZLL\\erneta\\uangku-laravel\\artisan(35): Illuminate\\Foundation\\Console\\Kernel->handle(Object(Symfony\\Component\\Console\\Input\\ArgvInput), Object(Symfony\\Component\\Console\\Output\\ConsoleOutput))
#11 {main} at E:\\ZLL\\erneta\\uangku-laravel\\vendor\\laravel\\framework\\src\\Illuminate\\Support\\Collection.php:11)
[stacktrace]
#0 {main}
"} 
